<?xml version="1.0" encoding="UTF-8"?>
<testng-results skipped="0" failed="0" ignored="0" total="2" passed="2">
  <reporter-output>
  </reporter-output>
  <suite name="Command line suite" duration-ms="87557" started-at="2019-03-24T21:16:09Z" finished-at="2019-03-24T21:17:37Z">
    <groups>
    </groups>
    <test name="Command line test" duration-ms="87557" started-at="2019-03-24T21:16:09Z" finished-at="2019-03-24T21:17:37Z">
      <class name="EmailLoginTest">
        <test-method status="PASS" signature="setup()[pri:0, instance:EmailLoginTest@246ae04d]" name="setup" is-config="true" duration-ms="7563" started-at="2019-03-24T21:16:09Z" finished-at="2019-03-24T21:16:17Z">
          <reporter-output>
          </reporter-output>
        </test-method> <!-- setup -->
        <test-method status="PASS" signature="emailLoginButtonClickedTest()[pri:0, instance:EmailLoginTest@246ae04d]" name="emailLoginButtonClickedTest" duration-ms="41490" started-at="2019-03-24T21:16:17Z" finished-at="2019-03-24T21:16:58Z">
          <reporter-output>
          </reporter-output>
        </test-method> <!-- emailLoginButtonClickedTest -->
        <test-method status="PASS" signature="teardown()[pri:0, instance:EmailLoginTest@246ae04d]" name="teardown" is-config="true" duration-ms="7776" started-at="2019-03-24T21:16:58Z" finished-at="2019-03-24T21:17:06Z">
          <reporter-output>
          </reporter-output>
        </test-method> <!-- teardown -->
      </class> <!-- EmailLoginTest -->
      <class name="SignupButtonTest">
        <test-method status="PASS" signature="setup()[pri:0, instance:SignupButtonTest@62043840]" name="setup" is-config="true" duration-ms="15418" started-at="2019-03-24T21:17:06Z" finished-at="2019-03-24T21:17:21Z">
          <reporter-output>
          </reporter-output>
        </test-method> <!-- setup -->
        <test-method status="PASS" signature="signUpButtonClickedTest()[pri:0, instance:SignupButtonTest@62043840]" name="signUpButtonClickedTest" duration-ms="3282" started-at="2019-03-24T21:17:21Z" finished-at="2019-03-24T21:17:25Z">
          <reporter-output>
          </reporter-output>
        </test-method> <!-- signUpButtonClickedTest -->
        <test-method status="PASS" signature="teardown()[pri:0, instance:SignupButtonTest@62043840]" name="teardown" is-config="true" duration-ms="11984" started-at="2019-03-24T21:17:25Z" finished-at="2019-03-24T21:17:37Z">
          <reporter-output>
          </reporter-output>
        </test-method> <!-- teardown -->
      </class> <!-- SignupButtonTest -->
    </test> <!-- Command line test -->
  </suite> <!-- Command line suite -->
</testng-results>
